0 info it worked if it ends with ok
1 verbose cli [ '/usr/local/Cellar/node/5.5.0/bin/node',
1 verbose cli   '/usr/local/bin/npm',
1 verbose cli   'run',
1 verbose cli   'dev-client' ]
2 info using npm@3.5.3
3 info using node@v5.5.0
4 verbose run-script [ 'predev-client', 'dev-client', 'postdev-client' ]
5 info lifecycle @~predev-client: @
6 silly lifecycle @~predev-client: no script for predev-client, continuing
7 info lifecycle @~dev-client: @
8 verbose lifecycle @~dev-client: unsafe-perm in lifecycle true
9 verbose lifecycle @~dev-client: PATH: /usr/local/lib/node_modules/npm/bin/node-gyp-bin:/Users/pbrowne/code/mapsnap/node_modules/.bin:/Users/pbrowne/.android/sdk/platform-tools:/Users/pbrowne/.android/sdk/tools:/Users/pbrowne/code/git-cola/bin:/usr/local/sbin:/Users/pbrowne/.android/sdk/platform-tools:/Users/pbrowne/.android/sdk/tools:/Users/pbrowne/code/git-cola/bin:/usr/local/sbin:/usr/bin:/bin:/usr/sbin:/sbin:/opt/X11/bin:/usr/local/bin:/usr/local/go/bin:/Users/pbrowne/.android/sdk/platform-tools:/Users/pbrowne/.android/sdk/tools:/Users/pbrowne/code/git-cola/bin:/usr/local/sbin
10 verbose lifecycle @~dev-client: CWD: /Users/pbrowne/code/mapsnap
11 silly lifecycle @~dev-client: Args: [ '-c', 'webpack-dev-server --progress --color --hot --inline' ]
12 silly lifecycle @~dev-client: Returned: code: 1  signal: null
13 info lifecycle @~dev-client: Failed to exec dev-client script
14 verbose stack Error: @ dev-client: `webpack-dev-server --progress --color --hot --inline`
14 verbose stack Exit status 1
14 verbose stack     at EventEmitter.<anonymous> (/usr/local/lib/node_modules/npm/lib/utils/lifecycle.js:232:16)
14 verbose stack     at emitTwo (events.js:100:13)
14 verbose stack     at EventEmitter.emit (events.js:185:7)
14 verbose stack     at ChildProcess.<anonymous> (/usr/local/lib/node_modules/npm/lib/utils/spawn.js:24:14)
14 verbose stack     at emitTwo (events.js:100:13)
14 verbose stack     at ChildProcess.emit (events.js:185:7)
14 verbose stack     at maybeClose (internal/child_process.js:821:16)
14 verbose stack     at Process.ChildProcess._handle.onexit (internal/child_process.js:211:5)
15 verbose pkgid @
16 verbose cwd /Users/pbrowne/code/mapsnap
17 error Darwin 15.3.0
18 error argv "/usr/local/Cellar/node/5.5.0/bin/node" "/usr/local/bin/npm" "run" "dev-client"
19 error node v5.5.0
20 error npm  v3.5.3
21 error code ELIFECYCLE
22 error @ dev-client: `webpack-dev-server --progress --color --hot --inline`
22 error Exit status 1
23 error Failed at the @ dev-client script 'webpack-dev-server --progress --color --hot --inline'.
23 error Make sure you have the latest version of node.js and npm installed.
23 error If you do, this is most likely a problem with the  package,
23 error not with npm itself.
23 error Tell the author that this fails on your system:
23 error     webpack-dev-server --progress --color --hot --inline
23 error You can get information on how to open an issue for this project with:
23 error     npm bugs
23 error Or if that isn't available, you can get their info via:
23 error     npm owner ls
23 error There is likely additional logging output above.
24 verbose exit [ 1, true ]
